# JRE version: OpenJDK Runtime Environment (8.0_202-b03) (build 1.8.0_202-release-1483-b03)
# Java VM: OpenJDK 64-Bit Server VM (25.202-b03 mixed mode windows-amd64 compressed oops)
Heap:
 PSYoungGen      total 169984K, used 55747K [0x00000000e0000000, 0x00000000ec580000, 0x0000000100000000)
  eden space 141824K, 26% used [0x00000000e0000000,0x00000000e247cb00,0x00000000e8a80000)
  from space 28160K, 65% used [0x00000000eaa00000,0x00000000ebbf4120,0x00000000ec580000)
  to   space 30208K, 0% used [0x00000000e8a80000,0x00000000e8a80000,0x00000000ea800000)
 ParOldGen       total 154624K, used 39792K [0x00000000a0000000, 0x00000000a9700000, 0x00000000e0000000)
  object space 154624K, 25% used [0x00000000a0000000,0x00000000a26dc070,0x00000000a9700000)
 Metaspace       used 68789K, capacity 71500K, committed 71640K, reserved 1112064K
  class space    used 8980K, capacity 9598K, committed 9688K, reserved 1048576K
GC Heap History (10 events):
Event: 16.765 GC heap before
{Heap before GC invocations=17 (full 3):
 PSYoungGen      total 117248K, used 99840K [0x00000000e0000000, 0x00000000ea300000, 0x0000000100000000)
  eden space 99840K, 100% used [0x00000000e0000000,0x00000000e6180000,0x00000000e6180000)
  from space 17408K, 0% used [0x00000000e6180000,0x00000000e6180000,0x00000000e7280000)
  to   space 19968K, 0% used [0x00000000e8f80000,0x00000000e8f80000,0x00000000ea300000)
 ParOldGen       total 154624K, used 33289K [0x00000000a0000000, 0x00000000a9700000, 0x00000000e0000000)
  object space 154624K, 21% used [0x00000000a0000000,0x00000000a20825b0,0x00000000a9700000)
 Metaspace       used 59671K, capacity 61480K, committed 61528K, reserved 1101824K
  class space    used 8074K, capacity 8531K, committed 8536K, reserved 1048576K
Event: 16.780 GC heap after
Heap after GC invocations=17 (full 3):
 PSYoungGen      total 128512K, used 7688K [0x00000000e0000000, 0x00000000e9980000, 0x0000000100000000)
  eden space 118272K, 0% used [0x00000000e0000000,0x00000000e0000000,0x00000000e7380000)
  from space 10240K, 75% used [0x00000000e8f80000,0x00000000e97022a0,0x00000000e9980000)
  to   space 19456K, 0% used [0x00000000e7380000,0x00000000e7380000,0x00000000e8680000)
 ParOldGen       total 154624K, used 33297K [0x00000000a0000000, 0x00000000a9700000, 0x00000000e0000000)
  object space 154624K, 21% used [0x00000000a0000000,0x00000000a20845b0,0x00000000a9700000)
 Metaspace       used 59671K, capacity 61480K, committed 61528K, reserved 1101824K
  class space    used 8074K, capacity 8531K, committed 8536K, reserved 1048576K
}
Event: 24.534 GC heap before
{Heap before GC invocations=18 (full 3):
 PSYoungGen      total 128512K, used 125960K [0x00000000e0000000, 0x00000000e9980000, 0x0000000100000000)
  eden space 118272K, 100% used [0x00000000e0000000,0x00000000e7380000,0x00000000e7380000)
  from space 10240K, 75% used [0x00000000e8f80000,0x00000000e97022a0,0x00000000e9980000)
  to   space 19456K, 0% used [0x00000000e7380000,0x00000000e7380000,0x00000000e8680000)
 ParOldGen       total 154624K, used 33297K [0x00000000a0000000, 0x00000000a9700000, 0x00000000e0000000)
  object space 154624K, 21% used [0x00000000a0000000,0x00000000a20845b0,0x00000000a9700000)
 Metaspace       used 63245K, capacity 65494K, committed 65624K, reserved 1105920K
  class space    used 8435K, capacity 8979K, committed 9048K, reserved 1048576K
Event: 24.575 GC heap after
Heap after GC invocations=18 (full 3):
 PSYoungGen      total 137728K, used 18832K [0x00000000e0000000, 0x00000000eb080000, 0x0000000100000000)
  eden space 118272K, 0% used [0x00000000e0000000,0x00000000e0000000,0x00000000e7380000)
  from space 19456K, 96% used [0x00000000e7380000,0x00000000e85e4268,0x00000000e8680000)
  to   space 21504K, 0% used [0x00000000e9b80000,0x00000000e9b80000,0x00000000eb080000)
 ParOldGen       total 154624K, used 33305K [0x00000000a0000000, 0x00000000a9700000, 0x00000000e0000000)
  object space 154624K, 21% used [0x00000000a0000000,0x00000000a20865b0,0x00000000a9700000)
 Metaspace       used 63245K, capacity 65494K, committed 65624K, reserved 1105920K
  class space    used 8435K, capacity 8979K, committed 9048K, reserved 1048576K
}
Event: 32.061 GC heap before
{Heap before GC invocations=19 (full 3):
 PSYoungGen      total 137728K, used 137104K [0x00000000e0000000, 0x00000000eb080000, 0x0000000100000000)
  eden space 118272K, 100% used [0x00000000e0000000,0x00000000e7380000,0x00000000e7380000)
  from space 19456K, 96% used [0x00000000e7380000,0x00000000e85e4268,0x00000000e8680000)
  to   space 21504K, 0% used [0x00000000e9b80000,0x00000000e9b80000,0x00000000eb080000)
 ParOldGen       total 154624K, used 33305K [0x00000000a0000000, 0x00000000a9700000, 0x00000000e0000000)
  object space 154624K, 21% used [0x00000000a0000000,0x00000000a20865b0,0x00000000a9700000)
 Metaspace       used 66884K, capacity 69264K, committed 69336K, reserved 1110016K
  class space    used 8842K, capacity 9396K, committed 9432K, reserved 1048576K
Event: 32.149 GC heap after
Heap after GC invocations=19 (full 3):
 PSYoungGen      total 153600K, used 21482K [0x00000000e0000000, 0x00000000eba80000, 0x0000000100000000)
  eden space 132096K, 0% used [0x00000000e0000000,0x00000000e0000000,0x00000000e8100000)
  from space 21504K, 99% used [0x00000000e9b80000,0x00000000eb07a890,0x00000000eb080000)
  to   space 27136K, 0% used [0x00000000e8100000,0x00000000e8100000,0x00000000e9b80000)
 ParOldGen       total 154624K, used 39776K [0x00000000a0000000, 0x00000000a9700000, 0x00000000e0000000)
  object space 154624K, 25% used [0x00000000a0000000,0x00000000a26d8070,0x00000000a9700000)
 Metaspace       used 66884K, capacity 69264K, committed 69336K, reserved 1110016K
  class space    used 8842K, capacity 9396K, committed 9432K, reserved 1048576K
}
Event: 43.183 GC heap before
{Heap before GC invocations=20 (full 3):
 PSYoungGen      total 153600K, used 153578K [0x00000000e0000000, 0x00000000eba80000, 0x0000000100000000)
  eden space 132096K, 100% used [0x00000000e0000000,0x00000000e8100000,0x00000000e8100000)
  from space 21504K, 99% used [0x00000000e9b80000,0x00000000eb07a890,0x00000000eb080000)
  to   space 27136K, 0% used [0x00000000e8100000,0x00000000e8100000,0x00000000e9b80000)
 ParOldGen       total 154624K, used 39776K [0x00000000a0000000, 0x00000000a9700000, 0x00000000e0000000)
  object space 154624K, 25% used [0x00000000a0000000,0x00000000a26d8070,0x00000000a9700000)
 Metaspace       used 67851K, capacity 70336K, committed 70488K, reserved 1110016K
  class space    used 8913K, capacity 9492K, committed 9560K, reserved 1048576K
Event: 43.208 GC heap after
Heap after GC invocations=20 (full 3):
 PSYoungGen      total 159232K, used 24268K [0x00000000e0000000, 0x00000000ec780000, 0x0000000100000000)
  eden space 132096K, 0% used [0x00000000e0000000,0x00000000e0000000,0x00000000e8100000)
  from space 27136K, 89% used [0x00000000e8100000,0x00000000e98b3378,0x00000000e9b80000)
  to   space 30208K, 0% used [0x00000000eaa00000,0x00000000eaa00000,0x00000000ec780000)
 ParOldGen       total 154624K, used 39784K [0x00000000a0000000, 0x00000000a9700000, 0x00000000e0000000)
  object space 154624K, 25% used [0x00000000a0000000,0x00000000a26da070,0x00000000a9700000)
 Metaspace       used 67851K, capacity 70336K, committed 70488K, reserved 1110016K
  class space    used 8913K, capacity 9492K, committed 9560K, reserved 1048576K
}
Event: 99.830 GC heap before
{Heap before GC invocations=21 (full 3):
 PSYoungGen      total 159232K, used 156364K [0x00000000e0000000, 0x00000000ec780000, 0x0000000100000000)
  eden space 132096K, 100% used [0x00000000e0000000,0x00000000e8100000,0x00000000e8100000)
  from space 27136K, 89% used [0x00000000e8100000,0x00000000e98b3378,0x00000000e9b80000)
  to   space 30208K, 0% used [0x00000000eaa00000,0x00000000eaa00000,0x00000000ec780000)
 ParOldGen       total 154624K, used 39784K [0x00000000a0000000, 0x00000000a9700000, 0x00000000e0000000)
  object space 154624K, 25% used [0x00000000a0000000,0x00000000a26da070,0x00000000a9700000)
 Metaspace       used 68670K, capacity 71338K, committed 71640K, reserved 1112064K
  class space    used 8977K, capacity 9593K, committed 9688K, reserved 1048576K
Event: 99.877 GC heap after
Heap after GC invocations=21 (full 3):
 PSYoungGen      total 169984K, used 18384K [0x00000000e0000000, 0x00000000ec580000, 0x0000000100000000)
  eden space 141824K, 0% used [0x00000000e0000000,0x00000000e0000000,0x00000000e8a80000)
  from space 28160K, 65% used [0x00000000eaa00000,0x00000000ebbf4120,0x00000000ec580000)
  to   space 30208K, 0% used [0x00000000e8a80000,0x00000000e8a80000,0x00000000ea800000)
 ParOldGen       total 154624K, used 39792K [0x00000000a0000000, 0x00000000a9700000, 0x00000000e0000000)
  object space 154624K, 25% used [0x00000000a0000000,0x00000000a26dc070,0x00000000a9700000)
 Metaspace       used 68670K, capacity 71338K, committed 71640K, reserved 1112064K
  class space    used 8977K, capacity 9593K, committed 9688K, reserved 1048576K
}

